[0mCompiling "resources/public/js/compiled/tetris.js" from ["src/main/cljs" "src/main/cljc"]...
notifying browser that file changed:  resources/public/js/compiled/out/goog/deps.js
notifying browser that file changed:  resources/public/js/compiled/out/cljs_deps.js
notifying browser that file changed:  out\tetris\core.js
[32mSuccessfully compiled "resources/public/js/compiled/tetris.js" in 0.512 seconds.[0m
[0mCompiling "resources/public/js/compiled/tetris.js" from ["src/main/cljs" "src/main/cljc"]...
notifying browser that file changed:  out\tetris\core.js
[32mSuccessfully compiled "resources/public/js/compiled/tetris.js" in 0.373 seconds.[0m
[0mCompiling "resources/public/js/compiled/tetris.js" from ["src/main/cljs" "src/main/cljc"]...
notifying browser that file changed:  out\tetris\core.js
[32mSuccessfully compiled "resources/public/js/compiled/tetris.js" in 0.334 seconds.[0m
[0mCompiling "resources/public/js/compiled/tetris.js" from ["src/main/cljs" "src/main/cljc"]...
notifying browser that file changed:  out\tetris\core.js
[32mSuccessfully compiled "resources/public/js/compiled/tetris.js" in 0.334 seconds.[0m
[0mCompiling "resources/public/js/compiled/tetris.js" from ["src/main/cljs" "src/main/cljc"]...
[31mCompiling "resources/public/js/compiled/tetris.js" failed.
[0mANALYSIS ERROR: clojure.lang.PersistentList cannot be cast to clojure.lang.Named at line 62 src\main\cljs\tetris\core.cljs on file src\main\cljs\tetris\core.cljs, line 62, column 20
[32mSuccessfully compiled "resources/public/js/compiled/tetris.js" in 0.207 seconds.[0m
[0mCompiling "resources/public/js/compiled/tetris.js" from ["src/main/cljs" "src/main/cljc"]...
notifying browser that file changed:  out\tetris\core.js
[32mSuccessfully compiled "resources/public/js/compiled/tetris.js" in 0.305 seconds.[0m
[0mCompiling "resources/public/js/compiled/tetris.js" from ["src/main/cljs" "src/main/cljc"]...
notifying browser that file changed:  out\tetris\core.js
[32mSuccessfully compiled "resources/public/js/compiled/tetris.js" in 0.322 seconds.[0m
[0mCompiling "resources/public/js/compiled/tetris.js" from ["src/main/cljs" "src/main/cljc"]...
notifying browser that file changed:  out\tetris\core.js
[32mSuccessfully compiled "resources/public/js/compiled/tetris.js" in 0.322 seconds.[0m
[0mCompiling "resources/public/js/compiled/tetris.js" from ["src/main/cljs" "src/main/cljc"]...
notifying browser that file changed:  out\tetris\core.js
[32mSuccessfully compiled "resources/public/js/compiled/tetris.js" in 0.297 seconds.[0m
[0mCompiling "resources/public/js/compiled/tetris.js" from ["src/main/cljs" "src/main/cljc"]...
notifying browser that file changed:  out\tetris\core.js
[32mSuccessfully compiled "resources/public/js/compiled/tetris.js" in 0.284 seconds.[0m
[0mCompiling "resources/public/js/compiled/tetris.js" from ["src/main/cljs" "src/main/cljc"]...
notifying browser that file changed:  out\tetris\core.js
[32mSuccessfully compiled "resources/public/js/compiled/tetris.js" in 0.294 seconds.[0m
[0mCompiling "resources/public/js/compiled/tetris.js" from ["src/main/cljs" "src/main/cljc"]...
notifying browser that file changed:  out\tetris\core.js
[32mSuccessfully compiled "resources/public/js/compiled/tetris.js" in 0.291 seconds.[0m
[0mCompiling "resources/public/js/compiled/tetris.js" from ["src/main/cljs" "src/main/cljc"]...
notifying browser that file changed:  out\tetris\core.js
[32mSuccessfully compiled "resources/public/js/compiled/tetris.js" in 0.267 seconds.[0m
[0mCompiling "resources/public/js/compiled/tetris.js" from ["src/main/cljs" "src/main/cljc"]...
notifying browser that file changed:  out\tetris\shapes.js
[32mSuccessfully compiled "resources/public/js/compiled/tetris.js" in 0.426 seconds.[0m
[0mCompiling "resources/public/js/compiled/tetris.js" from ["src/main/cljs" "src/main/cljc"]...
notifying browser that file changed:  out\tetris\shapes.js
[32mSuccessfully compiled "resources/public/js/compiled/tetris.js" in 0.406 seconds.[0m
[0mCompiling "resources/public/js/compiled/tetris.js" from ["src/main/cljs" "src/main/cljc"]...
notifying browser that file changed:  out\tetris\shapes.js
[32mSuccessfully compiled "resources/public/js/compiled/tetris.js" in 0.378 seconds.[0m
[0mCompiling "resources/public/js/compiled/tetris.js" from ["src/main/cljs" "src/main/cljc"]...
notifying browser that file changed:  out\tetris\core.js
[32mSuccessfully compiled "resources/public/js/compiled/tetris.js" in 0.297 seconds.[0m
[0mCompiling "resources/public/js/compiled/tetris.js" from ["src/main/cljs" "src/main/cljc"]...
notifying browser that file changed:  out\tetris\core.js
[32mSuccessfully compiled "resources/public/js/compiled/tetris.js" in 0.258 seconds.[0m
[0mCompiling "resources/public/js/compiled/tetris.js" from ["src/main/cljs" "src/main/cljc"]...
notifying browser that file changed:  out\tetris\shapes.js
[32mSuccessfully compiled "resources/public/js/compiled/tetris.js" in 0.381 seconds.[0m
[0mCompiling "resources/public/js/compiled/tetris.js" from ["src/main/cljs" "src/main/cljc"]...
notifying browser that file changed:  out\tetris\core.js
[32mSuccessfully compiled "resources/public/js/compiled/tetris.js" in 0.322 seconds.[0m
[0mCompiling "resources/public/js/compiled/tetris.js" from ["src/main/cljs" "src/main/cljc"]...
notifying browser that file changed:  out\tetris\core.js
[32mSuccessfully compiled "resources/public/js/compiled/tetris.js" in 0.279 seconds.[0m
[0mCompiling "resources/public/js/compiled/tetris.js" from ["src/main/cljs" "src/main/cljc"]...
notifying browser that file changed:  out\tetris\core.js
[32mSuccessfully compiled "resources/public/js/compiled/tetris.js" in 0.47 seconds.[0m
[0mCompiling "resources/public/js/compiled/tetris.js" from ["src/main/cljs" "src/main/cljc"]...
notifying browser that file changed:  out\tetris\core.js
[32mSuccessfully compiled "resources/public/js/compiled/tetris.js" in 0.388 seconds.[0m
[0mCompiling "resources/public/js/compiled/tetris.js" from ["src/main/cljs" "src/main/cljc"]...
notifying browser that file changed:  out\tetris\core.js
[32mSuccessfully compiled "resources/public/js/compiled/tetris.js" in 0.292 seconds.[0m
[0mCompiling "resources/public/js/compiled/tetris.js" from ["src/main/cljs" "src/main/cljc"]...
notifying browser that file changed:  out\tetris\core.js
[32mSuccessfully compiled "resources/public/js/compiled/tetris.js" in 0.331 seconds.[0m
[0mCompiling "resources/public/js/compiled/tetris.js" from ["src/main/cljs" "src/main/cljc"]...
notifying browser that file changed:  out\tetris\core.js
[32mSuccessfully compiled "resources/public/js/compiled/tetris.js" in 0.232 seconds.[0m
[0mCompiling "resources/public/js/compiled/tetris.js" from ["src/main/cljs" "src/main/cljc"]...
notifying browser that file changed:  out\tetris\core.js
[32mSuccessfully compiled "resources/public/js/compiled/tetris.js" in 0.27 seconds.[0m
[0mCompiling "resources/public/js/compiled/tetris.js" from ["src/main/cljs" "src/main/cljc"]...
[0mCompiling "resources/public/js/compiled/tetris.js" from ["src/main/cljs" "src/main/cljc"]...
notifying browser that file changed:  out\tetris\rules.js
[32mSuccessfully compiled "resources/public/js/compiled/tetris.js" in 0.399 seconds.[0m
[0mCompiling "resources/public/js/compiled/tetris.js" from ["src/main/cljs" "src/main/cljc"]...
notifying browser that file changed:  out\tetris\rules.js
[32mSuccessfully compiled "resources/public/js/compiled/tetris.js" in 0.387 seconds.[0m
[0mCompiling "resources/public/js/compiled/tetris.js" from ["src/main/cljs" "src/main/cljc"]...
notifying browser that file changed:  out\tetris\core.js
[32mSuccessfully compiled "resources/public/js/compiled/tetris.js" in 0.26 seconds.[0m
[0mCompiling "resources/public/js/compiled/tetris.js" from ["src/main/cljs" "src/main/cljc"]...
notifying browser that file changed:  out\tetris\core.js
[32mSuccessfully compiled "resources/public/js/compiled/tetris.js" in 0.266 seconds.[0m
[0mCompiling "resources/public/js/compiled/tetris.js" from ["src/main/cljs" "src/main/cljc"]...
notifying browser that file changed:  out\tetris\core.js
[32mSuccessfully compiled "resources/public/js/compiled/tetris.js" in 0.316 seconds.[0m
[0mCompiling "resources/public/js/compiled/tetris.js" from ["src/main/cljs" "src/main/cljc"]...
[31mCompiling "resources/public/js/compiled/tetris.js" failed.
[0mANALYSIS ERROR: clojure.lang.PersistentList cannot be cast to clojure.lang.Named at line 63 src\main\cljs\tetris\core.cljs on file src\main\cljs\tetris\core.cljs, line 63, column 9
[32mSuccessfully compiled "resources/public/js/compiled/tetris.js" in 0.162 seconds.[0m
[0mCompiling "resources/public/js/compiled/tetris.js" from ["src/main/cljs" "src/main/cljc"]...
notifying browser that file changed:  out\tetris\core.js
[32mSuccessfully compiled "resources/public/js/compiled/tetris.js" in 0.251 seconds.[0m
[0mCompiling "resources/public/js/compiled/tetris.js" from ["src/main/cljs" "src/main/cljc"]...
notifying browser that file changed:  out\tetris\core.js
[32mSuccessfully compiled "resources/public/js/compiled/tetris.js" in 0.297 seconds.[0m
[0mCompiling "resources/public/js/compiled/tetris.js" from ["src/main/cljs" "src/main/cljc"]...
notifying browser that file changed:  out\tetris\core.js
[32mSuccessfully compiled "resources/public/js/compiled/tetris.js" in 0.301 seconds.[0m
[0mCompiling "resources/public/js/compiled/tetris.js" from ["src/main/cljs" "src/main/cljc"]...
notifying browser that file changed:  out\tetris\core.js
[32mSuccessfully compiled "resources/public/js/compiled/tetris.js" in 0.26 seconds.[0m
[0mCompiling "resources/public/js/compiled/tetris.js" from ["src/main/cljs" "src/main/cljc"]...
notifying browser that file changed:  out\tetris\core.js
[32mSuccessfully compiled "resources/public/js/compiled/tetris.js" in 0.245 seconds.[0m
[0mCompiling "resources/public/js/compiled/tetris.js" from ["src/main/cljs" "src/main/cljc"]...
notifying browser that file changed:  out\tetris\core.js
[32mSuccessfully compiled "resources/public/js/compiled/tetris.js" in 0.308 seconds.[0m
[0mCompiling "resources/public/js/compiled/tetris.js" from ["src/main/cljs" "src/main/cljc"]...
notifying browser that file changed:  out\tetris\core.js
[32mSuccessfully compiled "resources/public/js/compiled/tetris.js" in 0.313 seconds.[0m
[0mCompiling "resources/public/js/compiled/tetris.js" from ["src/main/cljs" "src/main/cljc"]...
notifying browser that file changed:  out\tetris\core.js
[32mSuccessfully compiled "resources/public/js/compiled/tetris.js" in 0.287 seconds.[0m
[0mCompiling "resources/public/js/compiled/tetris.js" from ["src/main/cljs" "src/main/cljc"]...
notifying browser that file changed:  out\tetris\core.js
[32mSuccessfully compiled "resources/public/js/compiled/tetris.js" in 0.279 seconds.[0m
[0mCompiling "resources/public/js/compiled/tetris.js" from ["src/main/cljs" "src/main/cljc"]...
notifying browser that file changed:  out\tetris\core.js
[32mSuccessfully compiled "resources/public/js/compiled/tetris.js" in 0.278 seconds.[0m
[0mCompiling "resources/public/js/compiled/tetris.js" from ["src/main/cljs" "src/main/cljc"]...
notifying browser that file changed:  out\tetris\core.js
[32mSuccessfully compiled "resources/public/js/compiled/tetris.js" in 0.251 seconds.[0m
[0mCompiling "resources/public/js/compiled/tetris.js" from ["src/main/cljs" "src/main/cljc"]...
notifying browser that file changed:  out\tetris\core.js
[32mSuccessfully compiled "resources/public/js/compiled/tetris.js" in 0.254 seconds.[0m
[0mCompiling "resources/public/js/compiled/tetris.js" from ["src/main/cljs" "src/main/cljc"]...
notifying browser that file changed:  out\tetris\core.js
[32mSuccessfully compiled "resources/public/js/compiled/tetris.js" in 0.324 seconds.[0m
[0mCompiling "resources/public/js/compiled/tetris.js" from ["src/main/cljs" "src/main/cljc"]...
notifying browser that file changed:  out\tetris\core.js
[32mSuccessfully compiled "resources/public/js/compiled/tetris.js" in 0.341 seconds.[0m
[0mCompiling "resources/public/js/compiled/tetris.js" from ["src/main/cljs" "src/main/cljc"]...
notifying browser that file changed:  resources/public/js/compiled/out/goog/deps.js
notifying browser that file changed:  resources/public/js/compiled/out/cljs_deps.js
notifying browser that file changed:  out\tetris\core.js
[32mSuccessfully compiled "resources/public/js/compiled/tetris.js" in 0.589 seconds.[0m
[0mCompiling "resources/public/js/compiled/tetris.js" from ["src/main/cljs" "src/main/cljc"]...
notifying browser that file changed:  out\tetris\core.js
[32mSuccessfully compiled "resources/public/js/compiled/tetris.js" in 0.334 seconds.[0m
[0mCompiling "resources/public/js/compiled/tetris.js" from ["src/main/cljs" "src/main/cljc"]...
notifying browser that file changed:  out\tetris\core.js
[32mSuccessfully compiled "resources/public/js/compiled/tetris.js" in 0.293 seconds.[0m
[0mCompiling "resources/public/js/compiled/tetris.js" from ["src/main/cljs" "src/main/cljc"]...
notifying browser that file changed:  out\tetris\core.js
[32mSuccessfully compiled "resources/public/js/compiled/tetris.js" in 0.356 seconds.[0m
[0mCompiling "resources/public/js/compiled/tetris.js" from ["src/main/cljs" "src/main/cljc"]...
notifying browser that file changed:  out\tetris\core.js
[32mSuccessfully compiled "resources/public/js/compiled/tetris.js" in 0.446 seconds.[0m
[0mCompiling "resources/public/js/compiled/tetris.js" from ["src/main/cljs" "src/main/cljc"]...
notifying browser that file changed:  out\tetris\rules.js
[32mSuccessfully compiled "resources/public/js/compiled/tetris.js" in 0.41 seconds.[0m
[0mCompiling "resources/public/js/compiled/tetris.js" from ["src/main/cljs" "src/main/cljc"]...
notifying browser that file changed:  out\tetris\rules.js
[32mSuccessfully compiled "resources/public/js/compiled/tetris.js" in 0.538 seconds.[0m
[0mCompiling "resources/public/js/compiled/tetris.js" from ["src/main/cljs" "src/main/cljc"]...
notifying browser that file changed:  out\tetris\rules.js
[32mSuccessfully compiled "resources/public/js/compiled/tetris.js" in 0.57 seconds.[0m
[0mCompiling "resources/public/js/compiled/tetris.js" from ["src/main/cljs" "src/main/cljc"]...
notifying browser that file changed:  out\tetris\rules.js
[32mSuccessfully compiled "resources/public/js/compiled/tetris.js" in 0.434 seconds.[0m
[0mCompiling "resources/public/js/compiled/tetris.js" from ["src/main/cljs" "src/main/cljc"]...
notifying browser that file changed:  out\tetris\core.js
[32mSuccessfully compiled "resources/public/js/compiled/tetris.js" in 0.36 seconds.[0m
[0mCompiling "resources/public/js/compiled/tetris.js" from ["src/main/cljs" "src/main/cljc"]...
notifying browser that file changed:  out\tetris\core.js
[32mSuccessfully compiled "resources/public/js/compiled/tetris.js" in 0.305 seconds.[0m
[0mCompiling "resources/public/js/compiled/tetris.js" from ["src/main/cljs" "src/main/cljc"]...
notifying browser that file changed:  out\tetris\core.js
[32mSuccessfully compiled "resources/public/js/compiled/tetris.js" in 0.396 seconds.[0m
[0mCompiling "resources/public/js/compiled/tetris.js" from ["src/main/cljs" "src/main/cljc"]...
notifying browser that file changed:  out\tetris\core.js
[32mSuccessfully compiled "resources/public/js/compiled/tetris.js" in 0.304 seconds.[0m
[0mCompiling "resources/public/js/compiled/tetris.js" from ["src/main/cljs" "src/main/cljc"]...
notifying browser that file changed:  out\tetris\core.js
[32mSuccessfully compiled "resources/public/js/compiled/tetris.js" in 0.318 seconds.[0m
[0mCompiling "resources/public/js/compiled/tetris.js" from ["src/main/cljs" "src/main/cljc"]...
notifying browser that file changed:  out\tetris\core.js
[32mSuccessfully compiled "resources/public/js/compiled/tetris.js" in 0.246 seconds.[0m
[0mCompiling "resources/public/js/compiled/tetris.js" from ["src/main/cljs" "src/main/cljc"]...
notifying browser that file changed:  out\tetris\rules.js
[32mSuccessfully compiled "resources/public/js/compiled/tetris.js" in 0.39 seconds.[0m
[0mCompiling "resources/public/js/compiled/tetris.js" from ["src/main/cljs" "src/main/cljc"]...
notifying browser that file changed:  out\tetris\rules.js
[32mSuccessfully compiled "resources/public/js/compiled/tetris.js" in 0.379 seconds.[0m
[0mCompiling "resources/public/js/compiled/tetris.js" from ["src/main/cljs" "src/main/cljc"]...
notifying browser that file changed:  out\tetris\rules.js
[32mSuccessfully compiled "resources/public/js/compiled/tetris.js" in 0.366 seconds.[0m
[0mCompiling "resources/public/js/compiled/tetris.js" from ["src/main/cljs" "src/main/cljc"]...
notifying browser that file changed:  out\tetris\rules.js
[32mSuccessfully compiled "resources/public/js/compiled/tetris.js" in 0.551 seconds.[0m
[0mCompiling "resources/public/js/compiled/tetris.js" from ["src/main/cljs" "src/main/cljc"]...
notifying browser that file changed:  out\tetris\rules.js
[32mSuccessfully compiled "resources/public/js/compiled/tetris.js" in 0.367 seconds.[0m
[0mCompiling "resources/public/js/compiled/tetris.js" from ["src/main/cljs" "src/main/cljc"]...
notifying browser that file changed:  out\tetris\shapes.js
[32mSuccessfully compiled "resources/public/js/compiled/tetris.js" in 0.352 seconds.[0m
[0mCompiling "resources/public/js/compiled/tetris.js" from ["src/main/cljs" "src/main/cljc"]...
notifying browser that file changed:  out\tetris\shapes.js
[32mSuccessfully compiled "resources/public/js/compiled/tetris.js" in 0.458 seconds.[0m
[0mCompiling "resources/public/js/compiled/tetris.js" from ["src/main/cljs" "src/main/cljc"]...
notifying browser that file changed:  out\tetris\rules.js
[32mSuccessfully compiled "resources/public/js/compiled/tetris.js" in 0.474 seconds.[0m
[0mCompiling "resources/public/js/compiled/tetris.js" from ["src/main/cljs" "src/main/cljc"]...
notifying browser that file changed:  out\tetris\core.js
[32mSuccessfully compiled "resources/public/js/compiled/tetris.js" in 0.262 seconds.[0m
[0mCompiling "resources/public/js/compiled/tetris.js" from ["src/main/cljs" "src/main/cljc"]...
notifying browser that file changed:  out\tetris\core.js
[32mSuccessfully compiled "resources/public/js/compiled/tetris.js" in 0.25 seconds.[0m
[0mCompiling "resources/public/js/compiled/tetris.js" from ["src/main/cljs" "src/main/cljc"]...
notifying browser that file changed:  out\tetris\core.js
[32mSuccessfully compiled "resources/public/js/compiled/tetris.js" in 0.261 seconds.[0m
[0mCompiling "resources/public/js/compiled/tetris.js" from ["src/main/cljs" "src/main/cljc"]...
notifying browser that file changed:  out\tetris\rules.js
[32mSuccessfully compiled "resources/public/js/compiled/tetris.js" in 0.521 seconds.[0m
[0mCompiling "resources/public/js/compiled/tetris.js" from ["src/main/cljs" "src/main/cljc"]...
notifying browser that file changed:  out\tetris\core.js
[32mSuccessfully compiled "resources/public/js/compiled/tetris.js" in 0.32 seconds.[0m
[0mCompiling "resources/public/js/compiled/tetris.js" from ["src/main/cljs" "src/main/cljc"]...
notifying browser that file changed:  out\tetris\core.js
[32mSuccessfully compiled "resources/public/js/compiled/tetris.js" in 0.305 seconds.[0m
[0mCompiling "resources/public/js/compiled/tetris.js" from ["src/main/cljs" "src/main/cljc"]...
notifying browser that file changed:  out\tetris\core.js
[32mSuccessfully compiled "resources/public/js/compiled/tetris.js" in 0.349 seconds.[0m
[0mCompiling "resources/public/js/compiled/tetris.js" from ["src/main/cljs" "src/main/cljc"]...
notifying browser that file changed:  out\tetris\core.js
[32mSuccessfully compiled "resources/public/js/compiled/tetris.js" in 0.316 seconds.[0m
[0mCompiling "resources/public/js/compiled/tetris.js" from ["src/main/cljs" "src/main/cljc"]...
notifying browser that file changed:  out\tetris\core.js
[32mSuccessfully compiled "resources/public/js/compiled/tetris.js" in 0.354 seconds.[0m
[0mCompiling "resources/public/js/compiled/tetris.js" from ["src/main/cljs" "src/main/cljc"]...
notifying browser that file changed:  out\tetris\core.js
[32mSuccessfully compiled "resources/public/js/compiled/tetris.js" in 0.317 seconds.[0m
[0mCompiling "resources/public/js/compiled/tetris.js" from ["src/main/cljs" "src/main/cljc"]...
notifying browser that file changed:  out\tetris\core.js
[32mSuccessfully compiled "resources/public/js/compiled/tetris.js" in 0.245 seconds.[0m
[0mCompiling "resources/public/js/compiled/tetris.js" from ["src/main/cljs" "src/main/cljc"]...
notifying browser that file changed:  out\tetris\core.js
[32mSuccessfully compiled "resources/public/js/compiled/tetris.js" in 0.321 seconds.[0m
[0mCompiling "resources/public/js/compiled/tetris.js" from ["src/main/cljs" "src/main/cljc"]...
notifying browser that file changed:  out\tetris\core.js
[32mSuccessfully compiled "resources/public/js/compiled/tetris.js" in 0.41 seconds.[0m
[0mCompiling "resources/public/js/compiled/tetris.js" from ["src/main/cljs" "src/main/cljc"]...
[32mSuccessfully compiled "resources/public/js/compiled/tetris.js" in 0.279 seconds.[0m
[0mCompiling "resources/public/js/compiled/tetris.js" from ["src/main/cljs" "src/main/cljc"]...
notifying browser that file changed:  out\tetris\core.js
[32mSuccessfully compiled "resources/public/js/compiled/tetris.js" in 0.192 seconds.[0m
[0mCompiling "resources/public/js/compiled/tetris.js" from ["src/main/cljs" "src/main/cljc"]...
notifying browser that file changed:  out\tetris\core.js
[32mSuccessfully compiled "resources/public/js/compiled/tetris.js" in 0.259 seconds.[0m
[0mCompiling "resources/public/js/compiled/tetris.js" from ["src/main/cljs" "src/main/cljc"]...
notifying browser that file changed:  out\tetris\core.js
[32mSuccessfully compiled "resources/public/js/compiled/tetris.js" in 0.284 seconds.[0m
[0mCompiling "resources/public/js/compiled/tetris.js" from ["src/main/cljs" "src/main/cljc"]...
notifying browser that file changed:  out\tetris\rules.js
[32mSuccessfully compiled "resources/public/js/compiled/tetris.js" in 0.386 seconds.[0m
[0mCompiling "resources/public/js/compiled/tetris.js" from ["src/main/cljs" "src/main/cljc"]...
notifying browser that file changed:  out\tetris\rules.js
[32mSuccessfully compiled "resources/public/js/compiled/tetris.js" in 0.436 seconds.[0m
[0mCompiling "resources/public/js/compiled/tetris.js" from ["src/main/cljs" "src/main/cljc"]...
notifying browser that file changed:  resources/public/js/compiled/out/cljs_deps.js
notifying browser that file changed:  out\tetris\io.js
[32mSuccessfully compiled "resources/public/js/compiled/tetris.js" in 0.273 seconds.[0m
[0mCompiling "resources/public/js/compiled/tetris.js" from ["src/main/cljs" "src/main/cljc"]...
notifying browser that file changed:  resources/public/js/compiled/out/cljs_deps.js
notifying browser that file changed:  out\tetris\io.js
[32mSuccessfully compiled "resources/public/js/compiled/tetris.js" in 0.259 seconds.[0m
[0mCompiling "resources/public/js/compiled/tetris.js" from ["src/main/cljs" "src/main/cljc"]...
notifying browser that file changed:  resources/public/js/compiled/out/cljs_deps.js
notifying browser that file changed:  out\tetris\core.js
[32mSuccessfully compiled "resources/public/js/compiled/tetris.js" in 0.244 seconds.[0m
[0mCompiling "resources/public/js/compiled/tetris.js" from ["src/main/cljs" "src/main/cljc"]...
notifying browser that file changed:  out\tetris\rules.js
[32mSuccessfully compiled "resources/public/js/compiled/tetris.js" in 0.369 seconds.[0m
[0mCompiling "resources/public/js/compiled/tetris.js" from ["src/main/cljs" "src/main/cljc"]...
notifying browser that file changed:  out\tetris\core.js
[32mSuccessfully compiled "resources/public/js/compiled/tetris.js" in 0.251 seconds.[0m
[0mCompiling "resources/public/js/compiled/tetris.js" from ["src/main/cljs" "src/main/cljc"]...
notifying browser that file changed:  resources/public/js/compiled/out/goog/deps.js
notifying browser that file changed:  resources/public/js/compiled/out/cljs_deps.js
notifying browser that file changed:  out\tetris\core.js
[32mSuccessfully compiled "resources/public/js/compiled/tetris.js" in 0.499 seconds.[0m
[0mCompiling "resources/public/js/compiled/tetris.js" from ["src/main/cljs" "src/main/cljc"]...
notifying browser that file changed:  out\tetris\core.js
[32mSuccessfully compiled "resources/public/js/compiled/tetris.js" in 0.403 seconds.[0m
[0mCompiling "resources/public/js/compiled/tetris.js" from ["src/main/cljs" "src/main/cljc"]...
WARNING: Use of undeclared Var tetris.core/handle-io at line 40 src\main\cljs\tetris\core.cljs
notifying browser that file changed:  out\tetris\core.js
[32mSuccessfully compiled "resources/public/js/compiled/tetris.js" in 0.3 seconds.[0m
[0mCompiling "resources/public/js/compiled/tetris.js" from ["src/main/cljs" "src/main/cljc"]...
notifying browser that file changed:  out\tetris\core.js
[32mSuccessfully compiled "resources/public/js/compiled/tetris.js" in 0.261 seconds.[0m
[0mCompiling "resources/public/js/compiled/tetris.js" from ["src/main/cljs" "src/main/cljc"]...
notifying browser that file changed:  out\tetris\core.js
[32mSuccessfully compiled "resources/public/js/compiled/tetris.js" in 0.265 seconds.[0m
[0mCompiling "resources/public/js/compiled/tetris.js" from ["src/main/cljs" "src/main/cljc"]...
WARNING: Use of undeclared Var tetris.core/app-context at line 39 src\main\cljs\tetris\core.cljs
WARNING: Use of undeclared Var tetris.core/launch at line 41 src\main\cljs\tetris\core.cljs
notifying browser that file changed:  out\tetris\core.js
[32mSuccessfully compiled "resources/public/js/compiled/tetris.js" in 0.352 seconds.[0m
[0mCompiling "resources/public/js/compiled/tetris.js" from ["src/main/cljs" "src/main/cljc"]...
notifying browser that file changed:  out\tetris\core.js
[32mSuccessfully compiled "resources/public/js/compiled/tetris.js" in 0.324 seconds.[0m
[0mCompiling "resources/public/js/compiled/tetris.js" from ["src/main/cljs" "src/main/cljc"]...
notifying browser that file changed:  out\tetris\core.js
[32mSuccessfully compiled "resources/public/js/compiled/tetris.js" in 0.399 seconds.[0m
[0mCompiling "resources/public/js/compiled/tetris.js" from ["src/main/cljs" "src/main/cljc"]...
notifying browser that file changed:  out\tetris\core.js
[32mSuccessfully compiled "resources/public/js/compiled/tetris.js" in 0.346 seconds.[0m
[0mCompiling "resources/public/js/compiled/tetris.js" from ["src/main/cljs" "src/main/cljc"]...
notifying browser that file changed:  out\tetris\core.js
[32mSuccessfully compiled "resources/public/js/compiled/tetris.js" in 0.245 seconds.[0m
[0mCompiling "resources/public/js/compiled/tetris.js" from ["src/main/cljs" "src/main/cljc"]...
notifying browser that file changed:  out\tetris\core.js
[32mSuccessfully compiled "resources/public/js/compiled/tetris.js" in 0.214 seconds.[0m
[0mCompiling "resources/public/js/compiled/tetris.js" from ["src/main/cljs" "src/main/cljc"]...
notifying browser that file changed:  out\tetris\core.js
[32mSuccessfully compiled "resources/public/js/compiled/tetris.js" in 0.255 seconds.[0m
[0mCompiling "resources/public/js/compiled/tetris.js" from ["src/main/cljs" "src/main/cljc"]...
notifying browser that file changed:  out\tetris\core.js
[32mSuccessfully compiled "resources/public/js/compiled/tetris.js" in 0.285 seconds.[0m
[0mCompiling "resources/public/js/compiled/tetris.js" from ["src/main/cljs" "src/main/cljc"]...
notifying browser that file changed:  out\tetris\core.js
[32mSuccessfully compiled "resources/public/js/compiled/tetris.js" in 0.242 seconds.[0m
[0mCompiling "resources/public/js/compiled/tetris.js" from ["src/main/cljs" "src/main/cljc"]...
notifying browser that file changed:  out\tetris\core.js
[32mSuccessfully compiled "resources/public/js/compiled/tetris.js" in 0.282 seconds.[0m
[0mCompiling "resources/public/js/compiled/tetris.js" from ["src/main/cljs" "src/main/cljc"]...
notifying browser that file changed:  out\tetris\core.js
[32mSuccessfully compiled "resources/public/js/compiled/tetris.js" in 0.32 seconds.[0m
[0mCompiling "resources/public/js/compiled/tetris.js" from ["src/main/cljs" "src/main/cljc"]...
notifying browser that file changed:  out\tetris\rules.js
[32mSuccessfully compiled "resources/public/js/compiled/tetris.js" in 0.368 seconds.[0m
[0mCompiling "resources/public/js/compiled/tetris.js" from ["src/main/cljs" "src/main/cljc"]...
notifying browser that file changed:  out\tetris\rules.js
[32mSuccessfully compiled "resources/public/js/compiled/tetris.js" in 0.436 seconds.[0m
[0mCompiling "resources/public/js/compiled/tetris.js" from ["src/main/cljs" "src/main/cljc"]...
notifying browser that file changed:  out\tetris\core.js
[32mSuccessfully compiled "resources/public/js/compiled/tetris.js" in 0.22 seconds.[0m
[0mCompiling "resources/public/js/compiled/tetris.js" from ["src/main/cljs" "src/main/cljc"]...
notifying browser that file changed:  out\tetris\core.js
[32mSuccessfully compiled "resources/public/js/compiled/tetris.js" in 0.244 seconds.[0m
[0mCompiling "resources/public/js/compiled/tetris.js" from ["src/main/cljs" "src/main/cljc"]...
notifying browser that file changed:  out\tetris\core.js
[32mSuccessfully compiled "resources/public/js/compiled/tetris.js" in 0.268 seconds.[0m
[0mCompiling "resources/public/js/compiled/tetris.js" from ["src/main/cljs" "src/main/cljc"]...
notifying browser that file changed:  out\tetris\core.js
[32mSuccessfully compiled "resources/public/js/compiled/tetris.js" in 0.237 seconds.[0m
[0mCompiling "resources/public/js/compiled/tetris.js" from ["src/main/cljs" "src/main/cljc"]...
notifying browser that file changed:  out\tetris\core.js
[32mSuccessfully compiled "resources/public/js/compiled/tetris.js" in 0.237 seconds.[0m
[0mCompiling "resources/public/js/compiled/tetris.js" from ["src/main/cljs" "src/main/cljc"]...
notifying browser that file changed:  out\tetris\core.js
[32mSuccessfully compiled "resources/public/js/compiled/tetris.js" in 0.363 seconds.[0m
[0mCompiling "resources/public/js/compiled/tetris.js" from ["src/main/cljs" "src/main/cljc"]...
notifying browser that file changed:  out\tetris\core.js
[32mSuccessfully compiled "resources/public/js/compiled/tetris.js" in 0.315 seconds.[0m
[0mCompiling "resources/public/js/compiled/tetris.js" from ["src/main/cljs" "src/main/cljc"]...
notifying browser that file changed:  out\tetris\core.js
[32mSuccessfully compiled "resources/public/js/compiled/tetris.js" in 0.273 seconds.[0m
[0mCompiling "resources/public/js/compiled/tetris.js" from ["src/main/cljs" "src/main/cljc"]...
notifying browser that file changed:  out\tetris\core.js
[32mSuccessfully compiled "resources/public/js/compiled/tetris.js" in 0.212 seconds.[0m
[0mCompiling "resources/public/js/compiled/tetris.js" from ["src/main/cljs" "src/main/cljc"]...
notifying browser that file changed:  out\tetris\core.js
[32mSuccessfully compiled "resources/public/js/compiled/tetris.js" in 0.261 seconds.[0m
[0mCompiling "resources/public/js/compiled/tetris.js" from ["src/main/cljs" "src/main/cljc"]...
notifying browser that file changed:  out\tetris\core.js
[32mSuccessfully compiled "resources/public/js/compiled/tetris.js" in 0.229 seconds.[0m
[0mCompiling "resources/public/js/compiled/tetris.js" from ["src/main/cljs" "src/main/cljc"]...
notifying browser that file changed:  out\tetris\core.js
[32mSuccessfully compiled "resources/public/js/compiled/tetris.js" in 0.209 seconds.[0m
[0mCompiling "resources/public/js/compiled/tetris.js" from ["src/main/cljs" "src/main/cljc"]...
notifying browser that file changed:  out\tetris\core.js
[32mSuccessfully compiled "resources/public/js/compiled/tetris.js" in 0.214 seconds.[0m
[0mCompiling "resources/public/js/compiled/tetris.js" from ["src/main/cljs" "src/main/cljc"]...
notifying browser that file changed:  out\tetris\core.js
[32mSuccessfully compiled "resources/public/js/compiled/tetris.js" in 0.221 seconds.[0m
[0mCompiling "resources/public/js/compiled/tetris.js" from ["src/main/cljs" "src/main/cljc"]...
notifying browser that file changed:  out\tetris\core.js
[32mSuccessfully compiled "resources/public/js/compiled/tetris.js" in 0.227 seconds.[0m
[0mCompiling "resources/public/js/compiled/tetris.js" from ["src/main/cljs" "src/main/cljc"]...
notifying browser that file changed:  out\tetris\core.js
[32mSuccessfully compiled "resources/public/js/compiled/tetris.js" in 0.23 seconds.[0m
[0mCompiling "resources/public/js/compiled/tetris.js" from ["src/main/cljs" "src/main/cljc"]...
notifying browser that file changed:  out\tetris\core.js
[32mSuccessfully compiled "resources/public/js/compiled/tetris.js" in 0.345 seconds.[0m
[0mCompiling "resources/public/js/compiled/tetris.js" from ["src/main/cljs" "src/main/cljc"]...
notifying browser that file changed:  out\tetris\core.js
[32mSuccessfully compiled "resources/public/js/compiled/tetris.js" in 0.239 seconds.[0m
[0mCompiling "resources/public/js/compiled/tetris.js" from ["src/main/cljs" "src/main/cljc"]...
notifying browser that file changed:  out\tetris\core.js
[32mSuccessfully compiled "resources/public/js/compiled/tetris.js" in 0.226 seconds.[0m
[0mCompiling "resources/public/js/compiled/tetris.js" from ["src/main/cljs" "src/main/cljc"]...
notifying browser that file changed:  out\tetris\core.js
[32mSuccessfully compiled "resources/public/js/compiled/tetris.js" in 0.248 seconds.[0m
[0mCompiling "resources/public/js/compiled/tetris.js" from ["src/main/cljs" "src/main/cljc"]...
notifying browser that file changed:  out\tetris\core.js
[32mSuccessfully compiled "resources/public/js/compiled/tetris.js" in 0.249 seconds.[0m
[0mCompiling "resources/public/js/compiled/tetris.js" from ["src/main/cljs" "src/main/cljc"]...
notifying browser that file changed:  out\tetris\core.js
[32mSuccessfully compiled "resources/public/js/compiled/tetris.js" in 0.306 seconds.[0m
[0mCompiling "resources/public/js/compiled/tetris.js" from ["src/main/cljs" "src/main/cljc"]...
notifying browser that file changed:  out\tetris\core.js
[32mSuccessfully compiled "resources/public/js/compiled/tetris.js" in 0.231 seconds.[0m
